[debug] [2017-10-15T01:57:43.028Z] ----------------------------------------------------------------------
[debug] [2017-10-15T01:57:43.032Z] Command:       /usr/local/bin/node /usr/local/bin/firebase serve
[debug] [2017-10-15T01:57:43.033Z] CLI Version:   3.13.1
[debug] [2017-10-15T01:57:43.033Z] Platform:      darwin
[debug] [2017-10-15T01:57:43.033Z] Node Version:  v6.11.4
[debug] [2017-10-15T01:57:43.034Z] Time:          Sat Oct 14 2017 18:57:43 GMT-0700 (PDT)
[debug] [2017-10-15T01:57:43.034Z] ----------------------------------------------------------------------
[debug] 
[debug] [2017-10-15T01:57:43.113Z] > command requires scopes: ["email","openid","https://www.googleapis.com/auth/cloudplatformprojects.readonly","https://www.googleapis.com/auth/firebase","https://www.googleapis.com/auth/cloud-platform"]
[debug] [2017-10-15T01:57:43.113Z] > authorizing via signed-in user
[debug] [2017-10-15T01:57:43.117Z] > refreshing access token with scopes: ["email","https://www.googleapis.com/auth/cloud-platform","https://www.googleapis.com/auth/cloudplatformprojects.readonly","https://www.googleapis.com/auth/firebase","openid"]
[debug] [2017-10-15T01:57:43.117Z] >>> HTTP REQUEST POST https://www.googleapis.com/oauth2/v3/token { refresh_token: '1/TK4f7y-p02eJ8EfE4-uxGTUSATi-cV0wVW2tSIjBJGU',
  client_id: '563584335869-fgrhgmd47bqnekij5i8b5pr03ho849e6.apps.googleusercontent.com',
  client_secret: 'j9iVZfS8kkCEFUPaAeJV0sAi',
  grant_type: 'refresh_token',
  scope: 'email https://www.googleapis.com/auth/cloud-platform https://www.googleapis.com/auth/cloudplatformprojects.readonly https://www.googleapis.com/auth/firebase openid' } 
 Sat Oct 14 2017 18:57:43 GMT-0700 (PDT)
[debug] [2017-10-15T01:57:43.877Z] <<< HTTP RESPONSE 200
[debug] [2017-10-15T01:57:43.957Z] >>> HTTP REQUEST GET https://admin.firebase.com/v1/projects/project-1-7c513  
 Sat Oct 14 2017 18:57:43 GMT-0700 (PDT)
[debug] [2017-10-15T01:57:45.014Z] <<< HTTP RESPONSE 200
[debug] [2017-10-15T01:57:45.016Z] >>> HTTP REQUEST GET https://admin.firebase.com/v1/database/project-1-7c513/tokens  
 Sat Oct 14 2017 18:57:45 GMT-0700 (PDT)
[debug] [2017-10-15T01:57:45.497Z] <<< HTTP RESPONSE 200
[info] 
[info] === Serving from '/Users/MariamJoan/Desktop/UCLA/Project-1'...
[info] 
[debug] [2017-10-15T01:57:45.502Z] >>> HTTP REQUEST GET https://cloudresourcemanager.googleapis.com/v1/projects/project-1-7c513  
 Sat Oct 14 2017 18:57:45 GMT-0700 (PDT)
[debug] [2017-10-15T01:57:45.971Z] <<< HTTP RESPONSE 200
[debug] [2017-10-15T01:57:45.972Z] >>> HTTP REQUEST GET https://mobilesdk-pa.googleapis.com/v1/projects/173560237058/clients/_:getWebAppConfig  
 Sat Oct 14 2017 18:57:45 GMT-0700 (PDT)
[debug] [2017-10-15T01:57:46.463Z] <<< HTTP RESPONSE 200
[info] i  hosting: Serving hosting files from: /
[info] ✔  hosting: Local server: http://localhost:5000

